<?xml version="1.0" encoding="UTF-8"?>
<testng-results ignored="0" total="3" passed="3" failed="0" skipped="0">
  <reporter-output>
  </reporter-output>
  <suite started-at="2022-09-08T15:17:25 BRT" name="runners.RunTest" finished-at="2022-09-08T15:17:30 BRT" duration-ms="5561">
    <groups>
      <group name="cucumber">
        <method signature="AbstractTestNGCucumberTests.runScenario(io.cucumber.testng.PickleWrapper,io.cucumber.testng.FeatureWrapper)[pri:0, instance:runners.RunTest@57d7f8ca]" name="runScenario" class="io.cucumber.testng.AbstractTestNGCucumberTests"/>
      </group> <!-- cucumber -->
    </groups>
    <test started-at="2022-09-08T15:17:25 BRT" name="Command line test" finished-at="2022-09-08T15:17:30 BRT" duration-ms="5561">
      <class name="runners.RunTest">
        <test-method is-config="true" signature="setUpClass(org.testng.ITestContext)[pri:0, instance:runners.RunTest@57d7f8ca]" started-at="2022-09-08T15:17:25 BRT" name="setUpClass" finished-at="2022-09-08T15:17:25 BRT" duration-ms="445" status="PASS">
          <params>
            <param index="0">
              <value>
                <![CDATA[org.testng.TestRunner@67d8faec]]>
              </value>
            </param>
          </params>
          <reporter-output>
          </reporter-output>
        </test-method> <!-- setUpClass -->
        <test-method signature="runScenario(io.cucumber.testng.PickleWrapper,io.cucumber.testng.FeatureWrapper)[pri:0, instance:runners.RunTest@57d7f8ca]" started-at="2022-09-08T15:17:25 BRT" name="runScenario" description="Runs Cucumber Scenarios" data-provider="scenarios" finished-at="2022-09-08T15:17:27 BRT" duration-ms="1926" status="PASS">
          <params>
            <param index="0">
              <value>
                <![CDATA["Efetuar chamada GET no Postman Echo"]]>
              </value>
            </param>
            <param index="1">
              <value>
                <![CDATA["Postman Echo GET"]]>
              </value>
            </param>
          </params>
          <reporter-output>
          </reporter-output>
        </test-method> <!-- runScenario -->
        <test-method signature="runScenario(io.cucumber.testng.PickleWrapper,io.cucumber.testng.FeatureWrapper)[pri:0, instance:runners.RunTest@57d7f8ca]" started-at="2022-09-08T15:17:27 BRT" name="runScenario" description="Runs Cucumber Scenarios" data-provider="scenarios" finished-at="2022-09-08T15:17:28 BRT" duration-ms="740" status="PASS">
          <params>
            <param index="0">
              <value>
                <![CDATA["Efetuar chamada POST com dados por Body no Postman Echo"]]>
              </value>
            </param>
            <param index="1">
              <value>
                <![CDATA["Postman Echo POST"]]>
              </value>
            </param>
          </params>
          <reporter-output>
          </reporter-output>
        </test-method> <!-- runScenario -->
        <test-method signature="runScenario(io.cucumber.testng.PickleWrapper,io.cucumber.testng.FeatureWrapper)[pri:0, instance:runners.RunTest@57d7f8ca]" started-at="2022-09-08T15:17:28 BRT" name="runScenario" description="Runs Cucumber Scenarios" data-provider="scenarios" finished-at="2022-09-08T15:17:29 BRT" duration-ms="757" status="PASS">
          <params>
            <param index="0">
              <value>
                <![CDATA["Efetuar chamada POST com dados por formParam no Postman Echo"]]>
              </value>
            </param>
            <param index="1">
              <value>
                <![CDATA["Postman Echo POST"]]>
              </value>
            </param>
          </params>
          <reporter-output>
          </reporter-output>
        </test-method> <!-- runScenario -->
        <test-method is-config="true" signature="tearDownClass()[pri:0, instance:runners.RunTest@57d7f8ca]" started-at="2022-09-08T15:17:29 BRT" name="tearDownClass" finished-at="2022-09-08T15:17:30 BRT" duration-ms="1619" status="PASS">
          <reporter-output>
          </reporter-output>
        </test-method> <!-- tearDownClass -->
      </class> <!-- runners.RunTest -->
    </test> <!-- Command line test -->
  </suite> <!-- runners.RunTest -->
</testng-results>
